[debug] [2025-01-14T03:07:06.350Z] ----------------------------------------------------------------------
[debug] [2025-01-14T03:07:06.352Z] Command:       /usr/local/bin/node /Users/tohyihui/.npm-global/bin/firebase init
[debug] [2025-01-14T03:07:06.352Z] CLI Version:   13.29.1
[debug] [2025-01-14T03:07:06.352Z] Platform:      darwin
[debug] [2025-01-14T03:07:06.352Z] Node Version:  v20.15.0
[debug] [2025-01-14T03:07:06.352Z] Time:          Tue Jan 14 2025 11:07:06 GMT+0800 (Singapore Standard Time)
[debug] [2025-01-14T03:07:06.352Z] ----------------------------------------------------------------------
[debug] 
[debug] [2025-01-14T03:07:06.353Z] >>> [apiv2][query] GET https://firebase-public.firebaseio.com/cli.json [none]
[debug] [2025-01-14T03:07:06.376Z] > command requires scopes: ["email","openid","https://www.googleapis.com/auth/cloudplatformprojects.readonly","https://www.googleapis.com/auth/firebase","https://www.googleapis.com/auth/cloud-platform"]
[debug] [2025-01-14T03:07:06.377Z] > authorizing via signed-in user (tohyihui11@gmail.com)
[info] 
     ######## #### ########  ######## ########     ###     ######  ########
     ##        ##  ##     ## ##       ##     ##  ##   ##  ##       ##
     ######    ##  ########  ######   ########  #########  ######  ######
     ##        ##  ##    ##  ##       ##     ## ##     ##       ## ##
     ##       #### ##     ## ######## ########  ##     ##  ######  ########

You're about to initialize a Firebase project in this directory:

  /Users/tohyihui/Documents/gen1000

[debug] [2025-01-14T03:07:07.010Z] <<< [apiv2][status] GET https://firebase-public.firebaseio.com/cli.json 200
[debug] [2025-01-14T03:07:07.010Z] <<< [apiv2][body] GET https://firebase-public.firebaseio.com/cli.json {"cloudBuildErrorAfter":1594252800000,"cloudBuildWarnAfter":1590019200000,"defaultNode10After":1594252800000,"minVersion":"3.0.5","node8DeploysDisabledAfter":1613390400000,"node8RuntimeDisabledAfter":1615809600000,"node8WarnAfter":1600128000000}
[info] 
=== Project Setup
[info] 
[info] First, let's associate this project directory with a Firebase project.
[info] You can create multiple project aliases by running firebase use --add, 
[info] but for now we'll just set up a default project.
[info] 
[debug] [2025-01-14T03:08:55.144Z] Checked if tokens are valid: false, expires at: 1736532435487
[debug] [2025-01-14T03:08:55.145Z] Checked if tokens are valid: false, expires at: 1736532435487
[debug] [2025-01-14T03:08:55.145Z] > refreshing access token with scopes: []
[debug] [2025-01-14T03:08:55.146Z] >>> [apiv2][query] POST https://www.googleapis.com/oauth2/v3/token [none]
[debug] [2025-01-14T03:08:55.147Z] >>> [apiv2][body] POST https://www.googleapis.com/oauth2/v3/token [omitted]
[debug] [2025-01-14T03:08:55.404Z] <<< [apiv2][status] POST https://www.googleapis.com/oauth2/v3/token 200
[debug] [2025-01-14T03:08:55.405Z] <<< [apiv2][body] POST https://www.googleapis.com/oauth2/v3/token [omitted]
[debug] [2025-01-14T03:08:55.419Z] >>> [apiv2][query] GET https://firebase.googleapis.com/v1beta1/projects pageSize=100
[debug] [2025-01-14T03:08:55.852Z] <<< [apiv2][status] GET https://firebase.googleapis.com/v1beta1/projects 200
[debug] [2025-01-14T03:08:55.852Z] <<< [apiv2][body] GET https://firebase.googleapis.com/v1beta1/projects [omitted]
[info] i  Using project gen1000 (Gen1000) 
[info] 
=== Hosting Setup
[debug] [2025-01-14T03:09:17.977Z] Checked if tokens are valid: true, expires at: 1736827734405
[debug] [2025-01-14T03:09:17.977Z] Checked if tokens are valid: true, expires at: 1736827734405
[debug] [2025-01-14T03:09:17.977Z] >>> [apiv2][query] GET https://firebase.googleapis.com/v1beta1/projects/gen1000 [none]
[debug] [2025-01-14T03:09:19.152Z] <<< [apiv2][status] GET https://firebase.googleapis.com/v1beta1/projects/gen1000 200
[debug] [2025-01-14T03:09:19.152Z] <<< [apiv2][body] GET https://firebase.googleapis.com/v1beta1/projects/gen1000 {"projectId":"gen1000","projectNumber":"382359209764","displayName":"Gen1000","name":"projects/gen1000","resources":{"hostingSite":"gen1000"},"state":"ACTIVE","etag":"1_b28d5d5f-9827-4b7f-bf4b-429360fcac68"}
[info] 
[info] Your public directory is the folder (relative to your project directory) that
[info] will contain Hosting assets to be uploaded with firebase deploy. If you
[info] have a build process for your assets, use your build's output directory.
[info] 
[info] ✔  Wrote public/404.html 
[debug] [2025-01-14T03:09:53.058Z] >>> [apiv2][query] GET https://www.gstatic.com/firebasejs/releases.json [none]
[debug] [2025-01-14T03:09:53.100Z] <<< [apiv2][status] GET https://www.gstatic.com/firebasejs/releases.json 200
[debug] [2025-01-14T03:09:53.100Z] <<< [apiv2][body] GET https://www.gstatic.com/firebasejs/releases.json {"current":{"version":"11.1.0","browserURL":"https://www.gstatic.com/firebasejs/11.1.0/firebase.js","packageURL":"https://www.gstatic.com/firebasejs/11.1.0/firebase.tgz"},"live":{"version":"11.1","browserURL":"https://www.gstatic.com/firebasejs/live/11.1/firebase.js","packageURL":"https://www.gstatic.com/firebasejs/live/11.1/firebase.tgz"},"components":{"analytics":"https://www.gstatic.com/firebasejs/11.1.0/firebase-analytics.js","app":"https://www.gstatic.com/firebasejs/11.1.0/firebase-app.js","app-check":"https://www.gstatic.com/firebasejs/11.1.0/firebase-app-check.js","auth":"https://www.gstatic.com/firebasejs/11.1.0/firebase-auth.js","auth/cordova":"https://www.gstatic.com/firebasejs/11.1.0/firebase-auth/cordova.js","auth/web-extension":"https://www.gstatic.com/firebasejs/11.1.0/firebase-auth/web-extension.js","functions":"https://www.gstatic.com/firebasejs/11.1.0/firebase-functions.js","firestore":"https://www.gstatic.com/firebasejs/11.1.0/firebase-firestore.js","firestore/lite":"https://www.gstatic.com/firebasejs/11.1.0/firebase-firestore/lite.js","installations":"https://www.gstatic.com/firebasejs/11.1.0/firebase-installations.js","storage":"https://www.gstatic.com/firebasejs/11.1.0/firebase-storage.js","performance":"https://www.gstatic.com/firebasejs/11.1.0/firebase-performance.js","remote-config":"https://www.gstatic.com/firebasejs/11.1.0/firebase-remote-config.js","messaging":"https://www.gstatic.com/firebasejs/11.1.0/firebase-messaging.js","messaging/sw":"https://www.gstatic.com/firebasejs/11.1.0/firebase-messaging/sw.js","database":"https://www.gstatic.com/firebasejs/11.1.0/firebase-database.js","vertexai":"https://www.gstatic.com/firebasejs/11.1.0/firebase-vertexai.js","data-connect":"https://www.gstatic.com/firebasejs/11.1.0/firebase-data-connect.js","firestore.memory":"https://www.gstatic.com/firebasejs/11.1.0/firebase-firestore.memory.js"}}
[info] i  Skipping write of public/index.html 
[info] 
[info] i  Detected a .git folder at /Users/tohyihui/Documents/gen1000 
[info] i  Authorizing with GitHub to upload your service account to a GitHub repository's secrets store. 
[info] 
[info] Visit this URL on this device to log in:
[info] https://github.com/login/oauth/authorize?client_id=89cf50f02ac6aaed3484&state=19460691&redirect_uri=http%3A%2F%2Flocalhost%3A9005&scope=read%3Auser%20repo%20public_repo
[info] 
[info] Waiting for authentication...
[debug] [2025-01-14T03:10:00.594Z] >>> [apiv2][query] POST https://github.com/login/oauth/access_token [none]
[debug] [2025-01-14T03:10:00.595Z] >>> [apiv2][body] POST https://github.com/login/oauth/access_token [stream]
[debug] [2025-01-14T03:10:01.033Z] <<< [apiv2][status] POST https://github.com/login/oauth/access_token 200
[debug] [2025-01-14T03:10:01.033Z] <<< [apiv2][body] POST https://github.com/login/oauth/access_token {"access_token":"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","token_type":"bearer","scope":"read:user,repo"}
[debug] [2025-01-14T03:10:01.036Z] >>> [apiv2][query] GET https://api.github.com/user [none]
[debug] [2025-01-14T03:10:01.464Z] <<< [apiv2][status] GET https://api.github.com/user 200
[debug] [2025-01-14T03:10:01.464Z] <<< [apiv2][body] GET https://api.github.com/user {"login":"yihuididi","id":121809027,"node_id":"U_kgDOB0Kogw","avatar_url":"https://avatars.githubusercontent.com/u/121809027?v=4","gravatar_id":"","url":"https://api.github.com/users/yihuididi","html_url":"https://github.com/yihuididi","followers_url":"https://api.github.com/users/yihuididi/followers","following_url":"https://api.github.com/users/yihuididi/following{/other_user}","gists_url":"https://api.github.com/users/yihuididi/gists{/gist_id}","starred_url":"https://api.github.com/users/yihuididi/starred{/owner}{/repo}","subscriptions_url":"https://api.github.com/users/yihuididi/subscriptions","organizations_url":"https://api.github.com/users/yihuididi/orgs","repos_url":"https://api.github.com/users/yihuididi/repos","events_url":"https://api.github.com/users/yihuididi/events{/privacy}","received_events_url":"https://api.github.com/users/yihuididi/received_events","type":"User","user_view_type":"private","site_admin":false,"name":"Toh Yi Hui","company":null,"blog":"","location":null,"email":null,"hireable":null,"bio":null,"twitter_username":null,"notification_email":null,"public_repos":6,"public_gists":0,"followers":3,"following":1,"created_at":"2023-01-02T13:55:05Z","updated_at":"2025-01-08T06:10:03Z","private_gists":0,"total_private_repos":2,"owned_private_repos":2,"disk_usage":22592,"collaborators":1,"two_factor_authentication":true,"plan":{"name":"free","space":976562499,"collaborators":0,"private_repos":10000}}
[info] 
[info] ✔  Success! Logged into GitHub as yihuididi 
[info] 
